38|1249|O|71553.08|2018-11-26 06:04:22|4-NOT SPECIFIED|Clerk#000000604|0|haggle blithely. furiously express ideas haggle blithely furiously regular re
768|971|O|294534.22|2018-11-26 06:04:22|3-MEDIUM|Clerk#000000411|0|jole slyly ironic packages. slyly even idea
1091|829|O|48591.79|2018-11-26 06:04:22|1-URGENT|Clerk#000000549|0| even pinto beans haggle quickly alongside of the eve
1123|715|O|115157.87|2018-11-26 06:04:22|3-MEDIUM|Clerk#000000929|0|uriously pending requests. slyly regular instruction
1186|589|O|88428.13|2018-11-26 06:04:22|4-NOT SPECIFIED|Clerk#000000798|0|ingly regular pinto beans: instructi
1220|485|O|164363.11|2018-11-26 06:04:22|1-URGENT|Clerk#000000712|0|inal theodolites wake. fluffily ironic asymptotes cajol
1283|1165|O|296055.8|2018-11-26 06:04:22|4-NOT SPECIFIED|Clerk#000000260|0| pinto beans boost slyly ac
2016|76|O|34243.46|2018-11-26 06:04:22|3-MEDIUM|Clerk#000000641|0|the carefully ironic foxes. requests nag bold, r
2119|622|O|31760.98|2018-11-26 06:04:22|2-HIGH|Clerk#000000434|0|uickly pending escapades. fluffily ir
2529|1349|O|4809.51|2018-11-26 06:04:22|2-HIGH|Clerk#000000511|0|posits across the silent instructions wake blithely across 
2596|424|O|93640.14|2018-11-26 06:04:22|1-URGENT|Clerk#000000242|0|requests. ironic, bold theodolites wak
2662|370|O|94638.61|2018-11-26 06:04:22|3-MEDIUM|Clerk#000000589|0|bold pinto beans above the slyly final accounts affix furiously deposits. pac
2695|563|O|204229.27|2018-11-26 06:04:22|1-URGENT|Clerk#000000697|0|ven deposits around the quickly regular packa
2977|712|O|41482|2018-11-26 06:04:22|3-MEDIUM|Clerk#000000252|0|quickly special platelets are furio
3173|1462|O|105183.55|2018-11-26 06:04:22|5-LOW|Clerk#000000516|0|ial requests lose along t
3206|1213|O|82248.7|2018-11-26 06:04:22|1-URGENT|Clerk#000000755|0|ntegrate furiously final, express 
3424|1013|O|67108.17|2018-11-26 06:04:22|1-URGENT|Clerk#000000190|0|ven requests are quickly pending accounts. blithely furious requests 
3747|1492|O|258977.08|2018-11-26 06:04:22|1-URGENT|Clerk#000000226|0|refully across the final theodolites. carefully bold accounts cajol
3782|650|O|170815.8|2018-11-26 06:04:22|1-URGENT|Clerk#000000121|0|counts are. pending, regular asym
3812|406|O|98698.11|2018-11-26 06:04:22|3-MEDIUM|Clerk#000000727|0|al, final requests cajole
3876|283|O|113879.01|2018-11-26 06:04:22|5-LOW|Clerk#000000708|0|into beans. blithely
3910|629|O|70759.37|2018-11-26 06:04:22|3-MEDIUM|Clerk#000000270|0|ickly. furiously final packag
3941|1354|O|114660.33|2018-11-26 06:04:22|2-HIGH|Clerk#000000503|0|gular theodolites integrate quickly 
4160|542|O|110944.85|2018-11-26 06:04:22|5-LOW|Clerk#000000283|0|the carefully special accounts. furiously regular dugouts alongs
4197|919|O|294678.85|2018-11-26 06:04:22|4-NOT SPECIFIED|Clerk#000000264|0| pinto beans according
4262|868|O|278346.38|2018-11-26 06:04:22|3-MEDIUM|Clerk#000000239|0| of the furious accounts. furiously regular accounts w
4293|1028|O|319796.01|2018-11-26 06:04:22|2-HIGH|Clerk#000000750|0|ly packages. regular packages nag according to t
4385|1217|O|39190.62|2018-11-26 06:04:22|2-HIGH|Clerk#000000597|0|ully final requests. ironic, even dolphins above the regular 
4576|1381|O|87420.18|2018-11-26 06:04:22|5-LOW|Clerk#000000798|0|e pending deposits. 
4673|820|O|56339.98|2018-11-26 06:04:22|4-NOT SPECIFIED|Clerk#000000914|0|c deposits are slyly. bravely ironic deposits cajole carefully after the 
4704|13|O|101152.73|2018-11-26 06:04:22|4-NOT SPECIFIED|Clerk#000000256|0|lithely final requests about the fluffily regular 
5186|520|O|345577.74|2018-11-26 06:04:22|1-URGENT|Clerk#000000332|0|pecial platelets. slyly final ac
5570|1106|O|114869.3|2018-11-26 06:04:22|2-HIGH|Clerk#000000795|0|eans. ironic, even requests doze 
5573|358|O|200471.6|2018-11-26 06:04:22|3-MEDIUM|Clerk#000000055|0|lites. slyly final pinto beans about the carefully regul
5605|346|O|278023.41|2018-11-26 06:04:22|2-HIGH|Clerk#000000538|0|sleep carefully final packages. dependencies wake slyly. theodol
5987|637|O|175766.07|2018-11-26 06:04:22|1-URGENT|Clerk#000000464|0| ideas. quietly final accounts haggle blithely pending escapade
6209|1084|O|139391.54|2018-11-26 06:04:22|4-NOT SPECIFIED|Clerk#000000335|0|ly regular orbits. carefully quiet orbits sleep furiously furi
6594|1288|O|205591.26|2018-11-26 06:04:22|1-URGENT|Clerk#000000712|0|final deposits above the stealthily even packages 
6951|442|O|7938.42|2018-11-26 06:04:22|4-NOT SPECIFIED|Clerk#000000570|0|lyly unusual accounts. exp
7332|464|O|110168.52|2018-11-26 06:04:22|2-HIGH|Clerk#000000203|0|haggle against the quickly ruthless platelets. carefully final fo
7717|772|O|175777.82|2018-11-26 06:04:22|4-NOT SPECIFIED|Clerk#000000664|0|. foxes across the slyly pending packages nod carefu
7876|1351|O|102524.01|2018-11-26 06:04:22|5-LOW|Clerk#000000231|0|s. special, ironic requests at the slyly express instructions affix quickly
7943|1241|O|48316.56|2018-11-26 06:04:22|3-MEDIUM|Clerk#000000120|0|usly regular pinto beans affix furiously. s
8068|1330|O|282560.19|2018-11-26 06:04:22|3-MEDIUM|Clerk#000000623|0|final pinto beans. slyly unusual requests nag quickly f
8230|1051|O|167776.59|2018-11-26 06:04:22|5-LOW|Clerk#000000860|0|ly special accounts are fluffily ironic requests. fluffily express package
8519|583|O|232835.39|2018-11-26 06:04:22|3-MEDIUM|Clerk#000000145|0|long the slyly expres
8612|1021|O|90055.13|2018-11-26 06:04:22|2-HIGH|Clerk#000000478|0|y according to the carefully quick deposits. special, ironic platelets sleep f
8898|1126|O|88542.53|2018-11-26 06:04:22|3-MEDIUM|Clerk#000000346|0|iously special warthogs haggle above the furiously 
9056|121|O|170074.18|2018-11-26 06:04:22|3-MEDIUM|Clerk#000000117|0|was carefully after the furiously bold dug
9059|926|O|187590.77|2018-11-26 06:04:22|2-HIGH|Clerk#000000725|0|ar pinto beans sleep special
9511|1141|O|96086.28|2018-11-26 06:04:22|5-LOW|Clerk#000000555|0|out the packages may
9702|1201|O|182347.71|2018-11-26 06:04:22|3-MEDIUM|Clerk#000000852|0|tions haggle slyly among the ironic theodolites. blithel
10176|985|O|102621.47|2018-11-26 06:04:22|3-MEDIUM|Clerk#000000456|0|unts. bold accounts are carefully according to the quickly p
10208|1028|O|286549.53|2018-11-26 06:04:22|3-MEDIUM|Clerk#000000259|0| ideas. slow, ironic instructions doze furiou
10215|1031|O|156012.73|2018-11-26 06:04:22|1-URGENT|Clerk#000000770|0|pecial instructions. fluffily regular packa
11462|226|O|164290.8|2018-11-26 06:04:22|2-HIGH|Clerk#000000210|0|grouches. closely dogged deposits sleep. special, pending packages slee
11616|403|O|261053.8|2018-11-26 06:04:22|2-HIGH|Clerk#000000003|0|cording to the express
13223|352|O|45917.67|2018-11-26 06:04:22|4-NOT SPECIFIED|Clerk#000000713|0| slyly blithely regular requests. furiously regular multipliers wake 
13669|454|O|178957.15|2018-11-26 06:04:22|3-MEDIUM|Clerk#000000955|0| instructions could have to cajol
13734|124|O|156502.58|2018-11-26 06:04:22|2-HIGH|Clerk#000000344|0|n deposits should have to thrash fluffily quickly regu
13797|272|O|227061.71|2018-11-26 06:04:22|1-URGENT|Clerk#000000379|0|usly silent theodolites wake slyly across
14790|613|O|270163.54|2018-11-26 06:04:22|2-HIGH|Clerk#000000347|0|p. regular deposits wake. final n
15171|457|O|42951.65|2018-11-26 06:04:22|5-LOW|Clerk#000000883|0|riously even accounts cajole carefully carefully even dugouts. quick
15203|130|O|62666.07|2018-11-26 06:04:22|1-URGENT|Clerk#000000946|0|ests. enticing, special accounts sleep carefully furiously
15814|1177|O|137657.85|2018-11-26 06:04:22|1-URGENT|Clerk#000000759|0|to the carefully final theodolites! ironic, dogged instructions 
16097|1057|O|133691.66|2018-11-26 06:04:22|2-HIGH|Clerk#000000652|0|longside of the bold excuses. brave foxes
16199|100|O|291936.7|2018-11-26 06:04:22|1-URGENT|Clerk#000000306|0| theodolites. furiously ironic deposits believe furiously ironic requests. bl
16550|128|O|233316.61|2018-11-26 06:04:22|3-MEDIUM|Clerk#000000667|0|inal attainments around the enticingly stealthy
16708|1415|O|166590.29|2018-11-26 06:04:22|5-LOW|Clerk#000000025|0|lithely bold accounts wake carefully furiously idle
16801|655|O|124977.61|2018-11-26 06:04:22|1-URGENT|Clerk#000000566|0|nding packages. furiously un
17125|1093|O|184520.56|2018-11-26 06:04:22|5-LOW|Clerk#000000312|0|riously regular theodolites are pending, express
17153|782|O|282441.78|2018-11-26 06:04:22|5-LOW|Clerk#000000317|0| requests nag slyly around the furiously iro
17159|203|O|119621.16|2018-11-26 06:04:22|1-URGENT|Clerk#000000247|0|ts: quickly even accounts cajol
17248|1399|O|57320.8|2018-11-26 06:04:22|3-MEDIUM|Clerk#000000899|0|y special requests. express instructions according to the even deposits a
17827|832|O|197888.82|2018-11-26 06:04:22|1-URGENT|Clerk#000000777|0|doggedly regular dependencies c
17892|1117|O|180098.64|2018-11-26 06:04:22|1-URGENT|Clerk#000000260|0| dolphins. blithely regular instructions sleep fluffily. 
17895|194|O|199667.8|2018-11-26 06:04:22|2-HIGH|Clerk#000000339|0|osits run along the s
18084|650|O|233227.17|2018-11-26 06:04:22|2-HIGH|Clerk#000000069|0|ely after the blithely pending accounts. hocke
18148|1258|O|16236.69|2018-11-26 06:04:22|2-HIGH|Clerk#000000730|0|-- carefully ironic accounts are bravely. express theodolites among the bol
18438|844|O|265176|2018-11-26 06:04:22|2-HIGH|Clerk#000000725|0|ages. slowly bold deposits haggle across the blithely ex
18529|1255|O|55360.23|2018-11-26 06:04:22|4-NOT SPECIFIED|Clerk#000000473|0|e slyly among the slyly regular instru
18535|1042|O|75105.9|2018-11-26 06:04:22|2-HIGH|Clerk#000000209|0|onic pinto beans cajole along the silent, final sauternes. fluffily regul
19171|985|O|160644.33|2018-11-26 06:04:22|1-URGENT|Clerk#000000900|0|even ideas. quickly bold packages nag. 
19203|1019|O|91639.66|2018-11-26 06:04:22|4-NOT SPECIFIED|Clerk#000000829|0|s. blithely unusual foxes integrat
19459|1073|O|48324.32|2018-11-26 06:04:22|2-HIGH|Clerk#000000470|0|fully regular instructions; carefully special theodolites believe agai
19490|89|O|75242.9|2018-11-26 06:04:22|1-URGENT|Clerk#000000639|0|ongside of the blit
19747|818|O|248014.52|2018-11-26 06:04:22|3-MEDIUM|Clerk#000000796|0|ole quickly across the furiously ironic ideas
20288|1343|O|27128.45|2018-11-26 06:04:22|2-HIGH|Clerk#000000240|0|c packages use alongs
20996|583|O|49889.63|2018-11-26 06:04:22|2-HIGH|Clerk#000000925|0|lyly ironic platelets cajole slyly carefu
21026|865|O|142850.15|2018-11-26 06:04:22|1-URGENT|Clerk#000000593|0|iers cajole furiously 
21124|341|O|215919|2018-11-26 06:04:22|4-NOT SPECIFIED|Clerk#000000184|0|carefully final sentiments mold among 
21248|775|O|252440.15|2018-11-26 06:04:22|5-LOW|Clerk#000000605|0|kindle even sauternes
21762|595|O|250064.82|2018-11-26 06:04:22|3-MEDIUM|Clerk#000000752|0|aggle blithely along the furiously regular pinto beans. slyly re
21926|958|O|129794.78|2018-11-26 06:04:22|5-LOW|Clerk#000000009|0|e quickly regular accounts. 
22016|169|O|287711.47|2018-11-26 06:04:22|4-NOT SPECIFIED|Clerk#000000658|0|sly, regular deposits boost carefully. f
22116|884|O|153194.8|2018-11-26 06:04:22|5-LOW|Clerk#000000718|0|refully ironic ideas are ruthlessly about the blithely final requests. pinto
22306|458|O|144773.84|2018-11-26 06:04:22|4-NOT SPECIFIED|Clerk#000000618|0|ndencies. packages ac
22567|175|O|127846.26|2018-11-26 06:04:22|5-LOW|Clerk#000000450|0|y ironic platelets about the regular, ironic theodolites 
22854|1102|O|188631.06|2018-11-26 06:04:22|4-NOT SPECIFIED|Clerk#000000085|0|press asymptotes use blithely quic
23012|1477|O|154831.7|2018-11-26 06:04:22|1-URGENT|Clerk#000000926|0|ly silent accounts. slyly reg
23462|1316|O|90765.4|2018-11-26 06:04:22|5-LOW|Clerk#000000369|0|ts mold carefully final requests
24229|1058|O|276864.48|2018-11-26 06:04:22|3-MEDIUM|Clerk#000000963|0|gside of the pinto beans. requests nag c
24325|1414|O|151992.11|2018-11-26 06:04:22|1-URGENT|Clerk#000000600|0| furious packages boo
24900|200|O|289213.34|2018-11-26 06:04:22|1-URGENT|Clerk#000000578|0|slyly even requests haggle slyly above the special deposits. ironic instruc
24901|367|O|135859.62|2018-11-26 06:04:22|5-LOW|Clerk#000000114|0| blithely regular, bold pinto beans. regu
25158|422|O|147542.77|2018-11-26 06:04:22|1-URGENT|Clerk#000000622|0|beans cajole blithely furiously ironic theodolites. furiously sly
25381|1042|O|75709.53|2018-11-26 06:04:22|5-LOW|Clerk#000000964|0| unusual excuses. fluffily regular re
25665|19|O|53951.9|2018-11-26 06:04:22|1-URGENT|Clerk#000000128|0|c, silent packages are furiously slyly final requests. ironic pinto bean
25957|715|O|149481.2|2018-11-26 06:04:22|2-HIGH|Clerk#000000586|0|riously regular pains detect after the unusual, si
26983|1240|O|79483.52|2018-11-26 06:04:22|5-LOW|Clerk#000000754|0| blithely regular instructions. dogg
27748|22|O|262266.89|2018-11-26 06:04:22|3-MEDIUM|Clerk#000000625|0|he blithely pending accounts. r
28260|1228|O|217247.1|2018-11-26 06:04:22|3-MEDIUM|Clerk#000000586|0|ons use above the fluffily fina
28768|1492|O|208713.38|2018-11-26 06:04:22|4-NOT SPECIFIED|Clerk#000000786|0|ar, regular dolphins. ruthlessly regular courts sleep pinto bean
29379|709|O|234150.92|2018-11-26 06:04:22|1-URGENT|Clerk#000000370|0|lyly foxes; furiously special theodolites det
29381|706|O|126760.38|2018-11-26 06:04:22|2-HIGH|Clerk#000000615|0|rts haggle blithely
29952|893|O|124957.85|2018-11-26 06:04:22|2-HIGH|Clerk#000000640|0|ts. carefully ironic ideas boost blithely among the ironic, r
30437|218|O|116313.27|2018-11-26 06:04:22|5-LOW|Clerk#000000847|0|pecial, idle packages. slyly blithe packages wake. ironi
30530|628|O|24131.71|2018-11-26 06:04:22|2-HIGH|Clerk#000000734|0|n courts use slyly. dependencies doze. unusual, final packages sleep slyly. bl
30560|826|O|230357.87|2018-11-26 06:04:22|2-HIGH|Clerk#000000129|0|escapades. slyly even requests about the sly, final dependencies wake fluf
30817|1285|O|128135.58|2018-11-26 06:04:22|2-HIGH|Clerk#000000286|0|en, bold pinto beans. slyly fin
31748|937|O|216374.91|2018-11-26 06:04:22|5-LOW|Clerk#000000099|0|lly bold ideas. carefully regular dolphins are up
31815|58|O|106719.06|2018-11-26 06:04:22|5-LOW|Clerk#000000733|0|express courts nag quickly packages. 
32385|1390|O|279695.95|2018-11-26 06:04:22|5-LOW|Clerk#000000390|0|ges sleep across the blithely unusual instructions. requests 
32515|796|O|253320.74|2018-11-26 06:04:22|5-LOW|Clerk#000000666|0|e the quickly even platelets. final, even dependencies wake regu
32614|520|O|193124.85|2018-11-26 06:04:22|4-NOT SPECIFIED|Clerk#000000292|0|ages detect blithely. carefully special requests against the s
32836|655|O|130618.53|2018-11-26 06:04:22|4-NOT SPECIFIED|Clerk#000000103|0|ect furiously according to the bold instruct
32964|824|O|77632.66|2018-11-26 06:04:22|1-URGENT|Clerk#000000775|0|riously blithely regular ideas. deposits integrate according to
33223|14|O|27393.03|2018-11-26 06:04:22|4-NOT SPECIFIED|Clerk#000000035|0|sts. furiously final ideas haggle carefully. qu
33538|916|O|19093.25|2018-11-26 06:04:22|2-HIGH|Clerk#000000393|0| ironic platelets mold slyly about the even, ironic accounts. patte
33574|1388|O|189395.64|2018-11-26 06:04:22|4-NOT SPECIFIED|Clerk#000000657|0|ruthless instructions
33728|517|O|43843.4|2018-11-26 06:04:22|2-HIGH|Clerk#000000906|0|s about the carefully stealthy dolphins sleep around the blithely 
33828|817|O|45791.29|2018-11-26 06:04:22|4-NOT SPECIFIED|Clerk#000000412|0|ly silent platelets are carefully after the blithely permanent deposits. blit
33890|1283|O|39113.17|2018-11-26 06:04:22|5-LOW|Clerk#000000547|0|carefully ironic asymptotes wake blithely b
33926|1418|O|70451.94|2018-11-26 06:04:22|2-HIGH|Clerk#000000784|0|yly final sauternes. f
34273|224|O|149752.82|2018-11-26 06:04:22|2-HIGH|Clerk#000000692|0|nding braids integrate carefully.
34403|604|O|51499.87|2018-11-26 06:04:22|1-URGENT|Clerk#000000993|0|carefully regular gifts. fluffily silent packages cajole slyly 
34919|1150|O|141340.14|2018-11-26 06:04:22|2-HIGH|Clerk#000000027|0|onic requests sleep furiously again
35078|304|O|205662.74|2018-11-26 06:04:22|5-LOW|Clerk#000000261|0|ickly silent pinto beans. carefully even a
35620|338|O|120904.25|2018-11-26 06:04:22|3-MEDIUM|Clerk#000000513|0|ts. carefully even packages sleep slyly against the pending, e
35650|161|O|186670.49|2018-11-26 06:04:22|1-URGENT|Clerk#000000457|0|-- slyly regular requests haggle final, unusual accounts. court
35939|1486|O|22886.55|2018-11-26 06:04:22|5-LOW|Clerk#000000941|0| carefully unusual requests must have to snooze above the quietly express
36353|1345|O|201086.5|2018-11-26 06:04:22|4-NOT SPECIFIED|Clerk#000000197|0| the furiously daring dugouts. blithely bold instructions cajole
36674|1078|O|79320.49|2018-11-26 06:04:22|1-URGENT|Clerk#000000945|0|deas nod alongside of the furiously enticing ins
36801|625|O|201447.97|2018-11-26 06:04:22|2-HIGH|Clerk#000000083|0| around the silent instructions? excuses sleep excuses: fluffily 
37568|655|O|15965.3|2018-11-26 06:04:22|4-NOT SPECIFIED|Clerk#000000044|0|e slyly finally regular ideas. regular deposits
37827|554|O|185015.31|2018-11-26 06:04:22|4-NOT SPECIFIED|Clerk#000000824|0|requests sleep along t
38023|25|O|236211.21|2018-11-26 06:04:22|1-URGENT|Clerk#000000589|0|he furiously regular excuses sleep blithely ironic theodolite
38246|497|O|66553.17|2018-11-26 06:04:22|5-LOW|Clerk#000000636|0|deposits believe blithely among the e
38308|607|O|207271.7|2018-11-26 06:04:22|1-URGENT|Clerk#000000692|0|ts sleep regular warthogs. furiously ironic deposits cajole carefully slyly fi
38883|953|O|89947.52|2018-11-26 06:04:22|1-URGENT|Clerk#000000122|0|ing to the express, final requests wake always ironic deposit
39233|1474|O|198319.35|2018-11-26 06:04:22|1-URGENT|Clerk#000000783|0|nag carefully by the regular, bold deposits. bold deposits poach. caref
39553|1282|O|59594.08|2018-11-26 06:04:22|4-NOT SPECIFIED|Clerk#000000757|0|eep carefully. furiously express accounts sleep close
39685|1270|O|136681.27|2018-11-26 06:04:22|3-MEDIUM|Clerk#000000703|0|olites cajole thinly agai
39716|970|O|51115.29|2018-11-26 06:04:22|3-MEDIUM|Clerk#000000708|0|er express packages haggle carefully afte
40069|794|O|149054.88|2018-11-26 06:04:22|2-HIGH|Clerk#000000451|0|lithely along the ironic platelets
41127|151|O|191925.1|2018-11-26 06:04:22|4-NOT SPECIFIED|Clerk#000000041|0|slyly. even asymptotes haggle blithely. blithely final t
41506|1355|O|198063.24|2018-11-26 06:04:22|1-URGENT|Clerk#000000402|0|posits about the ironic requests are carefully among the pending foxes.
41670|998|O|125935.83|2018-11-26 06:04:22|1-URGENT|Clerk#000000191|0|arefully final deposits.
42724|1123|O|24397.67|2018-11-26 06:04:22|1-URGENT|Clerk#000000473|0|uctions wake. ironic, pending ins
43040|650|O|78377.53|2018-11-26 06:04:22|2-HIGH|Clerk#000000375|0|ickly regular accounts. fluffily regular waters above
43046|1192|O|185283.48|2018-11-26 06:04:22|4-NOT SPECIFIED|Clerk#000000705|0|r frays. quickly pending pinto beans wake. blithely pend
43073|976|O|57959.4|2018-11-26 06:04:22|1-URGENT|Clerk#000000435|0|. furiously unusual courts haggle express dependenc
43108|172|O|113002.96|2018-11-26 06:04:22|5-LOW|Clerk#000000537|0|eas are quickly after the fluffily idle packages. final, regular pinto beans 
43618|1078|O|304121.61|2018-11-26 06:04:22|1-URGENT|Clerk#000000288|0|ilent asymptotes integrate instructions. requests among
43942|199|O|215165.63|2018-11-26 06:04:22|5-LOW|Clerk#000000692|0|es doubt across the furiously ironic pinto beans. furiously fi
45188|907|O|337386.66|2018-11-26 06:04:22|5-LOW|Clerk#000000464|0|. regular deposits nag furiously blithely r
45472|685|O|105195.29|2018-11-26 06:04:22|1-URGENT|Clerk#000000773|0|oost above the ruthless, express foxes. even tithes use final excuses. carefu
45603|805|O|142106.74|2018-11-26 06:04:22|2-HIGH|Clerk#000000056|0|ests. requests sleep fluffily regular foxes. carefully regul
45764|295|O|154617.44|2018-11-26 06:04:22|3-MEDIUM|Clerk#000000306|0|gainst the carefully regular ideas. bli
46629|101|O|237393.19|2018-11-26 06:04:22|3-MEDIUM|Clerk#000000835|0|cies: special, final deposits wake 
46820|88|O|251372.18|2018-11-26 06:04:22|2-HIGH|Clerk#000000172|0|yly ironic dolphins should have to sleep evenly blithely regular accounts. ex
46914|109|O|93387.47|2018-11-26 06:04:22|2-HIGH|Clerk#000000355|0|ray permanently along the express, final warhorses.
47013|239|O|49133.63|2018-11-26 06:04:22|3-MEDIUM|Clerk#000000156|0| carefully? slyly final accounts sleep quickly along the theodolit
47331|233|O|176554.96|2018-11-26 06:04:22|1-URGENT|Clerk#000000693|0|top the quickly even reque
48193|307|O|81685.03|2018-11-26 06:04:22|2-HIGH|Clerk#000000268|0|eans. carefully bold at
48677|1027|O|160903.32|2018-11-26 06:04:22|2-HIGH|Clerk#000000385|0|bold escapades cajole blith
48999|922|O|82242.17|2018-11-26 06:04:22|3-MEDIUM|Clerk#000000818|0|edly to the furiously 
49120|631|O|1547.81|2018-11-26 06:04:22|5-LOW|Clerk#000000389|0|t the pending, final deposits are across the final
49219|923|O|178489.07|2018-11-26 06:04:22|2-HIGH|Clerk#000000542|0|sleep blithely furiously final dependenc
49379|1028|O|187794.04|2018-11-26 06:04:22|1-URGENT|Clerk#000000374|0|ts wake after the quickly even ideas. fluffily ex
49826|536|O|160677.39|2018-11-26 06:04:22|3-MEDIUM|Clerk#000000226|0|thely ironic packages. bold requests according to the regular accounts wak
49958|1036|O|159160.84|2018-11-26 06:04:22|1-URGENT|Clerk#000000631|0| boost quickly blithely even requests. daring
50723|610|O|200851.99|2018-11-26 06:04:22|5-LOW|Clerk#000000291|0|old attainments. carefully regular
51014|55|O|184268.92|2018-11-26 06:04:22|1-URGENT|Clerk#000000086|0|ly final deposits wake silently ac
51329|1387|O|207769.17|2018-11-26 06:04:22|3-MEDIUM|Clerk#000000503|0|nts nag. quickly regular instructions nag about the fluffil
51908|526|O|204302.83|2018-11-26 06:04:22|2-HIGH|Clerk#000000611|0|ly final packages-- quickly regular epitaphs aft
52037|577|O|64064.12|2018-11-26 06:04:22|4-NOT SPECIFIED|Clerk#000000881|0|to beans mold blithely. fluffily regular 
52294|229|O|201205.46|2018-11-26 06:04:22|1-URGENT|Clerk#000000631|0|lar foxes. quickly final deposits slee
52707|1304|O|237813.43|2018-11-26 06:04:22|1-URGENT|Clerk#000000150|0|r dolphins. express platelets haggle furiously. slyl
52738|823|O|25813.46|2018-11-26 06:04:22|4-NOT SPECIFIED|Clerk#000000666|0|old ideas. carefully special requests are blithely. quickly final 
52996|1117|O|39744.9|2018-11-26 06:04:22|5-LOW|Clerk#000000272|0|final instructions are slyly unusual dependencies. slyly un
53383|433|O|118471.13|2018-11-26 06:04:22|4-NOT SPECIFIED|Clerk#000000882|0|refully final deposits haggle slyly rut
53478|311|O|63716.73|2018-11-26 06:04:22|2-HIGH|Clerk#000000972|0|tions nod. slyly regular accounts snooze accounts.
53664|152|O|13968.28|2018-11-26 06:04:22|5-LOW|Clerk#000000196|0|n accounts-- fluffily express accounts aft
54337|1373|O|139235.75|2018-11-26 06:04:22|1-URGENT|Clerk#000000143|0| permanent packages are nev
54566|340|O|165550.98|2018-11-26 06:04:22|1-URGENT|Clerk#000000426|0|uffily final platelets are quietly quickly
54752|874|O|142706.99|2018-11-26 06:04:22|5-LOW|Clerk#000000585|0|ar theodolites hagg
55457|1394|O|54318.55|2018-11-26 06:04:22|4-NOT SPECIFIED|Clerk#000000938|0|al foxes wake slyly pending deposits. blit
55681|763|O|10243.64|2018-11-26 06:04:22|4-NOT SPECIFIED|Clerk#000000138|0|yly? sly deposits wake slyly! blithely special deposits sleep silent
56357|134|O|18644.74|2018-11-26 06:04:22|1-URGENT|Clerk#000000754|0|nticingly among the ruthless excuses. silent foxes are furiously
56485|70|O|32629.72|2018-11-26 06:04:22|5-LOW|Clerk#000000438|0|ly. requests wake under the fluffily even accounts. fluffily regular 
56836|809|O|243614.13|2018-11-26 06:04:22|3-MEDIUM|Clerk#000000890|0|fully unusual excuses. furiously even ideas boost fu
56867|838|O|108094.85|2018-11-26 06:04:22|5-LOW|Clerk#000000064|0|e slyly above the furiously special deposits. slyly pending hockey players 
58023|988|O|207234.31|2018-11-26 06:04:22|4-NOT SPECIFIED|Clerk#000000364|0|t closely against the furiously ironic pearls. bold, slow deposits above 
58373|862|O|1041.49|2018-11-26 06:04:22|5-LOW|Clerk#000000281|0|final deposits among the express dependencies wake carefu
58565|1295|O|111084.57|2018-11-26 06:04:22|1-URGENT|Clerk#000000719|0|. slyly final foxes cajole slyly even ideas. carefully enticing theodol
58691|76|O|232689.24|2018-11-26 06:04:22|3-MEDIUM|Clerk#000000592|0|grate slyly along the sly
58886|52|O|165834.1|2018-11-26 06:04:22|2-HIGH|Clerk#000000187|0|unts. special instructions about 
59427|307|O|206581.34|2018-11-26 06:04:22|2-HIGH|Clerk#000000065|0|s wake blithely according to the busy packages. s
59782|992|O|128174.88|2018-11-26 06:04:22|1-URGENT|Clerk#000000434|0|lites are blithely. even courts shall sle
38|1249|O|71553.08|2018-11-26 06:04:22|4-NOT SPECIFIED|Clerk#000000604|0|haggle blithely. furiously express ideas haggle blithely furiously regular re
768|971|O|294534.22|2018-11-26 06:04:22|3-MEDIUM|Clerk#000000411|0|jole slyly ironic packages. slyly even idea
1091|829|O|48591.79|2018-11-26 06:04:22|1-URGENT|Clerk#000000549|0| even pinto beans haggle quickly alongside of the eve
1123|715|O|115157.87|2018-11-26 06:04:22|3-MEDIUM|Clerk#000000929|0|uriously pending requests. slyly regular instruction
1186|589|O|88428.13|2018-11-26 06:04:22|4-NOT SPECIFIED|Clerk#000000798|0|ingly regular pinto beans: instructi
1220|485|O|164363.11|2018-11-26 06:04:22|1-URGENT|Clerk#000000712|0|inal theodolites wake. fluffily ironic asymptotes cajol
1283|1165|O|296055.8|2018-11-26 06:04:22|4-NOT SPECIFIED|Clerk#000000260|0| pinto beans boost slyly ac
2016|76|O|34243.46|2018-11-26 06:04:22|3-MEDIUM|Clerk#000000641|0|the carefully ironic foxes. requests nag bold, r
2119|622|O|31760.98|2018-11-26 06:04:22|2-HIGH|Clerk#000000434|0|uickly pending escapades. fluffily ir
2529|1349|O|4809.51|2018-11-26 06:04:22|2-HIGH|Clerk#000000511|0|posits across the silent instructions wake blithely across 
2596|424|O|93640.14|2018-11-26 06:04:22|1-URGENT|Clerk#000000242|0|requests. ironic, bold theodolites wak
2662|370|O|94638.61|2018-11-26 06:04:22|3-MEDIUM|Clerk#000000589|0|bold pinto beans above the slyly final accounts affix furiously deposits. pac
2695|563|O|204229.27|2018-11-26 06:04:22|1-URGENT|Clerk#000000697|0|ven deposits around the quickly regular packa
2977|712|O|41482|2018-11-26 06:04:22|3-MEDIUM|Clerk#000000252|0|quickly special platelets are furio
3173|1462|O|105183.55|2018-11-26 06:04:22|5-LOW|Clerk#000000516|0|ial requests lose along t
3206|1213|O|82248.7|2018-11-26 06:04:22|1-URGENT|Clerk#000000755|0|ntegrate furiously final, express 
3424|1013|O|67108.17|2018-11-26 06:04:22|1-URGENT|Clerk#000000190|0|ven requests are quickly pending accounts. blithely furious requests 
3747|1492|O|258977.08|2018-11-26 06:04:22|1-URGENT|Clerk#000000226|0|refully across the final theodolites. carefully bold accounts cajol
3782|650|O|170815.8|2018-11-26 06:04:22|1-URGENT|Clerk#000000121|0|counts are. pending, regular asym
3812|406|O|98698.11|2018-11-26 06:04:22|3-MEDIUM|Clerk#000000727|0|al, final requests cajole
3876|283|O|113879.01|2018-11-26 06:04:22|5-LOW|Clerk#000000708|0|into beans. blithely
3910|629|O|70759.37|2018-11-26 06:04:22|3-MEDIUM|Clerk#000000270|0|ickly. furiously final packag
3941|1354|O|114660.33|2018-11-26 06:04:22|2-HIGH|Clerk#000000503|0|gular theodolites integrate quickly 
4160|542|O|110944.85|2018-11-26 06:04:22|5-LOW|Clerk#000000283|0|the carefully special accounts. furiously regular dugouts alongs
4197|919|O|294678.85|2018-11-26 06:04:22|4-NOT SPECIFIED|Clerk#000000264|0| pinto beans according
4262|868|O|278346.38|2018-11-26 06:04:22|3-MEDIUM|Clerk#000000239|0| of the furious accounts. furiously regular accounts w
4293|1028|O|319796.01|2018-11-26 06:04:22|2-HIGH|Clerk#000000750|0|ly packages. regular packages nag according to t
4385|1217|O|39190.62|2018-11-26 06:04:22|2-HIGH|Clerk#000000597|0|ully final requests. ironic, even dolphins above the regular 
4576|1381|O|87420.18|2018-11-26 06:04:22|5-LOW|Clerk#000000798|0|e pending deposits. 
4673|820|O|56339.98|2018-11-26 06:04:22|4-NOT SPECIFIED|Clerk#000000914|0|c deposits are slyly. bravely ironic deposits cajole carefully after the 
4704|13|O|101152.73|2018-11-26 06:04:22|4-NOT SPECIFIED|Clerk#000000256|0|lithely final requests about the fluffily regular 
5186|520|O|345577.74|2018-11-26 06:04:22|1-URGENT|Clerk#000000332|0|pecial platelets. slyly final ac
5570|1106|O|114869.3|2018-11-26 06:04:22|2-HIGH|Clerk#000000795|0|eans. ironic, even requests doze 
5573|358|O|200471.6|2018-11-26 06:04:22|3-MEDIUM|Clerk#000000055|0|lites. slyly final pinto beans about the carefully regul
5605|346|O|278023.41|2018-11-26 06:04:22|2-HIGH|Clerk#000000538|0|sleep carefully final packages. dependencies wake slyly. theodol
5987|637|O|175766.07|2018-11-26 06:04:22|1-URGENT|Clerk#000000464|0| ideas. quietly final accounts haggle blithely pending escapade
6209|1084|O|139391.54|2018-11-26 06:04:22|4-NOT SPECIFIED|Clerk#000000335|0|ly regular orbits. carefully quiet orbits sleep furiously furi
6594|1288|O|205591.26|2018-11-26 06:04:22|1-URGENT|Clerk#000000712|0|final deposits above the stealthily even packages 
6951|442|O|7938.42|2018-11-26 06:04:22|4-NOT SPECIFIED|Clerk#000000570|0|lyly unusual accounts. exp
7332|464|O|110168.52|2018-11-26 06:04:22|2-HIGH|Clerk#000000203|0|haggle against the quickly ruthless platelets. carefully final fo
7717|772|O|175777.82|2018-11-26 06:04:22|4-NOT SPECIFIED|Clerk#000000664|0|. foxes across the slyly pending packages nod carefu
7876|1351|O|102524.01|2018-11-26 06:04:22|5-LOW|Clerk#000000231|0|s. special, ironic requests at the slyly express instructions affix quickly
7943|1241|O|48316.56|2018-11-26 06:04:22|3-MEDIUM|Clerk#000000120|0|usly regular pinto beans affix furiously. s
8068|1330|O|282560.19|2018-11-26 06:04:22|3-MEDIUM|Clerk#000000623|0|final pinto beans. slyly unusual requests nag quickly f
8230|1051|O|167776.59|2018-11-26 06:04:22|5-LOW|Clerk#000000860|0|ly special accounts are fluffily ironic requests. fluffily express package
8519|583|O|232835.39|2018-11-26 06:04:22|3-MEDIUM|Clerk#000000145|0|long the slyly expres
8612|1021|O|90055.13|2018-11-26 06:04:22|2-HIGH|Clerk#000000478|0|y according to the carefully quick deposits. special, ironic platelets sleep f
8898|1126|O|88542.53|2018-11-26 06:04:22|3-MEDIUM|Clerk#000000346|0|iously special warthogs haggle above the furiously 
9056|121|O|170074.18|2018-11-26 06:04:22|3-MEDIUM|Clerk#000000117|0|was carefully after the furiously bold dug
9059|926|O|187590.77|2018-11-26 06:04:22|2-HIGH|Clerk#000000725|0|ar pinto beans sleep special
9511|1141|O|96086.28|2018-11-26 06:04:22|5-LOW|Clerk#000000555|0|out the packages may
9702|1201|O|182347.71|2018-11-26 06:04:22|3-MEDIUM|Clerk#000000852|0|tions haggle slyly among the ironic theodolites. blithel
10176|985|O|102621.47|2018-11-26 06:04:22|3-MEDIUM|Clerk#000000456|0|unts. bold accounts are carefully according to the quickly p
10208|1028|O|286549.53|2018-11-26 06:04:22|3-MEDIUM|Clerk#000000259|0| ideas. slow, ironic instructions doze furiou
10215|1031|O|156012.73|2018-11-26 06:04:22|1-URGENT|Clerk#000000770|0|pecial instructions. fluffily regular packa
11462|226|O|164290.8|2018-11-26 06:04:22|2-HIGH|Clerk#000000210|0|grouches. closely dogged deposits sleep. special, pending packages slee
11616|403|O|261053.8|2018-11-26 06:04:22|2-HIGH|Clerk#000000003|0|cording to the express
13223|352|O|45917.67|2018-11-26 06:04:22|4-NOT SPECIFIED|Clerk#000000713|0| slyly blithely regular requests. furiously regular multipliers wake 
13669|454|O|178957.15|2018-11-26 06:04:22|3-MEDIUM|Clerk#000000955|0| instructions could have to cajol
13734|124|O|156502.58|2018-11-26 06:04:22|2-HIGH|Clerk#000000344|0|n deposits should have to thrash fluffily quickly regu
13797|272|O|227061.71|2018-11-26 06:04:22|1-URGENT|Clerk#000000379|0|usly silent theodolites wake slyly across
14790|613|O|270163.54|2018-11-26 06:04:22|2-HIGH|Clerk#000000347|0|p. regular deposits wake. final n
15171|457|O|42951.65|2018-11-26 06:04:22|5-LOW|Clerk#000000883|0|riously even accounts cajole carefully carefully even dugouts. quick
15203|130|O|62666.07|2018-11-26 06:04:22|1-URGENT|Clerk#000000946|0|ests. enticing, special accounts sleep carefully furiously
15814|1177|O|137657.85|2018-11-26 06:04:22|1-URGENT|Clerk#000000759|0|to the carefully final theodolites! ironic, dogged instructions 
16097|1057|O|133691.66|2018-11-26 06:04:22|2-HIGH|Clerk#000000652|0|longside of the bold excuses. brave foxes
16199|100|O|291936.7|2018-11-26 06:04:22|1-URGENT|Clerk#000000306|0| theodolites. furiously ironic deposits believe furiously ironic requests. bl
16550|128|O|233316.61|2018-11-26 06:04:22|3-MEDIUM|Clerk#000000667|0|inal attainments around the enticingly stealthy
16708|1415|O|166590.29|2018-11-26 06:04:22|5-LOW|Clerk#000000025|0|lithely bold accounts wake carefully furiously idle
16801|655|O|124977.61|2018-11-26 06:04:22|1-URGENT|Clerk#000000566|0|nding packages. furiously un
17125|1093|O|184520.56|2018-11-26 06:04:22|5-LOW|Clerk#000000312|0|riously regular theodolites are pending, express
17153|782|O|282441.78|2018-11-26 06:04:22|5-LOW|Clerk#000000317|0| requests nag slyly around the furiously iro
17159|203|O|119621.16|2018-11-26 06:04:22|1-URGENT|Clerk#000000247|0|ts: quickly even accounts cajol
17248|1399|O|57320.8|2018-11-26 06:04:22|3-MEDIUM|Clerk#000000899|0|y special requests. express instructions according to the even deposits a
17827|832|O|197888.82|2018-11-26 06:04:22|1-URGENT|Clerk#000000777|0|doggedly regular dependencies c
17892|1117|O|180098.64|2018-11-26 06:04:22|1-URGENT|Clerk#000000260|0| dolphins. blithely regular instructions sleep fluffily. 
17895|194|O|199667.8|2018-11-26 06:04:22|2-HIGH|Clerk#000000339|0|osits run along the s
18084|650|O|233227.17|2018-11-26 06:04:22|2-HIGH|Clerk#000000069|0|ely after the blithely pending accounts. hocke
18148|1258|O|16236.69|2018-11-26 06:04:22|2-HIGH|Clerk#000000730|0|-- carefully ironic accounts are bravely. express theodolites among the bol
18438|844|O|265176|2018-11-26 06:04:22|2-HIGH|Clerk#000000725|0|ages. slowly bold deposits haggle across the blithely ex
18529|1255|O|55360.23|2018-11-26 06:04:22|4-NOT SPECIFIED|Clerk#000000473|0|e slyly among the slyly regular instru
18535|1042|O|75105.9|2018-11-26 06:04:22|2-HIGH|Clerk#000000209|0|onic pinto beans cajole along the silent, final sauternes. fluffily regul
19171|985|O|160644.33|2018-11-26 06:04:22|1-URGENT|Clerk#000000900|0|even ideas. quickly bold packages nag. 
19203|1019|O|91639.66|2018-11-26 06:04:22|4-NOT SPECIFIED|Clerk#000000829|0|s. blithely unusual foxes integrat
19459|1073|O|48324.32|2018-11-26 06:04:22|2-HIGH|Clerk#000000470|0|fully regular instructions; carefully special theodolites believe agai
19490|89|O|75242.9|2018-11-26 06:04:22|1-URGENT|Clerk#000000639|0|ongside of the blit
19747|818|O|248014.52|2018-11-26 06:04:22|3-MEDIUM|Clerk#000000796|0|ole quickly across the furiously ironic ideas
20288|1343|O|27128.45|2018-11-26 06:04:22|2-HIGH|Clerk#000000240|0|c packages use alongs
20996|583|O|49889.63|2018-11-26 06:04:22|2-HIGH|Clerk#000000925|0|lyly ironic platelets cajole slyly carefu
21026|865|O|142850.15|2018-11-26 06:04:22|1-URGENT|Clerk#000000593|0|iers cajole furiously 
21124|341|O|215919|2018-11-26 06:04:22|4-NOT SPECIFIED|Clerk#000000184|0|carefully final sentiments mold among 
21248|775|O|252440.15|2018-11-26 06:04:22|5-LOW|Clerk#000000605|0|kindle even sauternes
21762|595|O|250064.82|2018-11-26 06:04:22|3-MEDIUM|Clerk#000000752|0|aggle blithely along the furiously regular pinto beans. slyly re
21926|958|O|129794.78|2018-11-26 06:04:22|5-LOW|Clerk#000000009|0|e quickly regular accounts. 
22016|169|O|287711.47|2018-11-26 06:04:22|4-NOT SPECIFIED|Clerk#000000658|0|sly, regular deposits boost carefully. f
22116|884|O|153194.8|2018-11-26 06:04:22|5-LOW|Clerk#000000718|0|refully ironic ideas are ruthlessly about the blithely final requests. pinto
22306|458|O|144773.84|2018-11-26 06:04:22|4-NOT SPECIFIED|Clerk#000000618|0|ndencies. packages ac
22567|175|O|127846.26|2018-11-26 06:04:22|5-LOW|Clerk#000000450|0|y ironic platelets about the regular, ironic theodolites 
22854|1102|O|188631.06|2018-11-26 06:04:22|4-NOT SPECIFIED|Clerk#000000085|0|press asymptotes use blithely quic
23012|1477|O|154831.7|2018-11-26 06:04:22|1-URGENT|Clerk#000000926|0|ly silent accounts. slyly reg
23462|1316|O|90765.4|2018-11-26 06:04:22|5-LOW|Clerk#000000369|0|ts mold carefully final requests
24229|1058|O|276864.48|2018-11-26 06:04:22|3-MEDIUM|Clerk#000000963|0|gside of the pinto beans. requests nag c
24325|1414|O|151992.11|2018-11-26 06:04:22|1-URGENT|Clerk#000000600|0| furious packages boo
24900|200|O|289213.34|2018-11-26 06:04:22|1-URGENT|Clerk#000000578|0|slyly even requests haggle slyly above the special deposits. ironic instruc
24901|367|O|135859.62|2018-11-26 06:04:22|5-LOW|Clerk#000000114|0| blithely regular, bold pinto beans. regu
25158|422|O|147542.77|2018-11-26 06:04:22|1-URGENT|Clerk#000000622|0|beans cajole blithely furiously ironic theodolites. furiously sly
25381|1042|O|75709.53|2018-11-26 06:04:22|5-LOW|Clerk#000000964|0| unusual excuses. fluffily regular re
25665|19|O|53951.9|2018-11-26 06:04:22|1-URGENT|Clerk#000000128|0|c, silent packages are furiously slyly final requests. ironic pinto bean
25957|715|O|149481.2|2018-11-26 06:04:22|2-HIGH|Clerk#000000586|0|riously regular pains detect after the unusual, si
26983|1240|O|79483.52|2018-11-26 06:04:22|5-LOW|Clerk#000000754|0| blithely regular instructions. dogg
27748|22|O|262266.89|2018-11-26 06:04:22|3-MEDIUM|Clerk#000000625|0|he blithely pending accounts. r
28260|1228|O|217247.1|2018-11-26 06:04:22|3-MEDIUM|Clerk#000000586|0|ons use above the fluffily fina
28768|1492|O|208713.38|2018-11-26 06:04:22|4-NOT SPECIFIED|Clerk#000000786|0|ar, regular dolphins. ruthlessly regular courts sleep pinto bean
29379|709|O|234150.92|2018-11-26 06:04:22|1-URGENT|Clerk#000000370|0|lyly foxes; furiously special theodolites det
29381|706|O|126760.38|2018-11-26 06:04:22|2-HIGH|Clerk#000000615|0|rts haggle blithely
29952|893|O|124957.85|2018-11-26 06:04:22|2-HIGH|Clerk#000000640|0|ts. carefully ironic ideas boost blithely among the ironic, r
30437|218|O|116313.27|2018-11-26 06:04:22|5-LOW|Clerk#000000847|0|pecial, idle packages. slyly blithe packages wake. ironi
30530|628|O|24131.71|2018-11-26 06:04:22|2-HIGH|Clerk#000000734|0|n courts use slyly. dependencies doze. unusual, final packages sleep slyly. bl
30560|826|O|230357.87|2018-11-26 06:04:22|2-HIGH|Clerk#000000129|0|escapades. slyly even requests about the sly, final dependencies wake fluf
30817|1285|O|128135.58|2018-11-26 06:04:22|2-HIGH|Clerk#000000286|0|en, bold pinto beans. slyly fin
31748|937|O|216374.91|2018-11-26 06:04:22|5-LOW|Clerk#000000099|0|lly bold ideas. carefully regular dolphins are up
31815|58|O|106719.06|2018-11-26 06:04:22|5-LOW|Clerk#000000733|0|express courts nag quickly packages. 
32385|1390|O|279695.95|2018-11-26 06:04:22|5-LOW|Clerk#000000390|0|ges sleep across the blithely unusual instructions. requests 
32515|796|O|253320.74|2018-11-26 06:04:22|5-LOW|Clerk#000000666|0|e the quickly even platelets. final, even dependencies wake regu
32614|520|O|193124.85|2018-11-26 06:04:22|4-NOT SPECIFIED|Clerk#000000292|0|ages detect blithely. carefully special requests against the s
32836|655|O|130618.53|2018-11-26 06:04:22|4-NOT SPECIFIED|Clerk#000000103|0|ect furiously according to the bold instruct
32964|824|O|77632.66|2018-11-26 06:04:22|1-URGENT|Clerk#000000775|0|riously blithely regular ideas. deposits integrate according to
33223|14|O|27393.03|2018-11-26 06:04:22|4-NOT SPECIFIED|Clerk#000000035|0|sts. furiously final ideas haggle carefully. qu
33538|916|O|19093.25|2018-11-26 06:04:22|2-HIGH|Clerk#000000393|0| ironic platelets mold slyly about the even, ironic accounts. patte
33574|1388|O|189395.64|2018-11-26 06:04:22|4-NOT SPECIFIED|Clerk#000000657|0|ruthless instructions
33728|517|O|43843.4|2018-11-26 06:04:22|2-HIGH|Clerk#000000906|0|s about the carefully stealthy dolphins sleep around the blithely 
33828|817|O|45791.29|2018-11-26 06:04:22|4-NOT SPECIFIED|Clerk#000000412|0|ly silent platelets are carefully after the blithely permanent deposits. blit
33890|1283|O|39113.17|2018-11-26 06:04:22|5-LOW|Clerk#000000547|0|carefully ironic asymptotes wake blithely b
33926|1418|O|70451.94|2018-11-26 06:04:22|2-HIGH|Clerk#000000784|0|yly final sauternes. f
34273|224|O|149752.82|2018-11-26 06:04:22|2-HIGH|Clerk#000000692|0|nding braids integrate carefully.
34403|604|O|51499.87|2018-11-26 06:04:22|1-URGENT|Clerk#000000993|0|carefully regular gifts. fluffily silent packages cajole slyly 
34919|1150|O|141340.14|2018-11-26 06:04:22|2-HIGH|Clerk#000000027|0|onic requests sleep furiously again
35078|304|O|205662.74|2018-11-26 06:04:22|5-LOW|Clerk#000000261|0|ickly silent pinto beans. carefully even a
35620|338|O|120904.25|2018-11-26 06:04:22|3-MEDIUM|Clerk#000000513|0|ts. carefully even packages sleep slyly against the pending, e
35650|161|O|186670.49|2018-11-26 06:04:22|1-URGENT|Clerk#000000457|0|-- slyly regular requests haggle final, unusual accounts. court
35939|1486|O|22886.55|2018-11-26 06:04:22|5-LOW|Clerk#000000941|0| carefully unusual requests must have to snooze above the quietly express
36353|1345|O|201086.5|2018-11-26 06:04:22|4-NOT SPECIFIED|Clerk#000000197|0| the furiously daring dugouts. blithely bold instructions cajole
36674|1078|O|79320.49|2018-11-26 06:04:22|1-URGENT|Clerk#000000945|0|deas nod alongside of the furiously enticing ins
36801|625|O|201447.97|2018-11-26 06:04:22|2-HIGH|Clerk#000000083|0| around the silent instructions? excuses sleep excuses: fluffily 
37568|655|O|15965.3|2018-11-26 06:04:22|4-NOT SPECIFIED|Clerk#000000044|0|e slyly finally regular ideas. regular deposits
37827|554|O|185015.31|2018-11-26 06:04:22|4-NOT SPECIFIED|Clerk#000000824|0|requests sleep along t
38023|25|O|236211.21|2018-11-26 06:04:22|1-URGENT|Clerk#000000589|0|he furiously regular excuses sleep blithely ironic theodolite
38246|497|O|66553.17|2018-11-26 06:04:22|5-LOW|Clerk#000000636|0|deposits believe blithely among the e
38308|607|O|207271.7|2018-11-26 06:04:22|1-URGENT|Clerk#000000692|0|ts sleep regular warthogs. furiously ironic deposits cajole carefully slyly fi
38883|953|O|89947.52|2018-11-26 06:04:22|1-URGENT|Clerk#000000122|0|ing to the express, final requests wake always ironic deposit
39233|1474|O|198319.35|2018-11-26 06:04:22|1-URGENT|Clerk#000000783|0|nag carefully by the regular, bold deposits. bold deposits poach. caref
39553|1282|O|59594.08|2018-11-26 06:04:22|4-NOT SPECIFIED|Clerk#000000757|0|eep carefully. furiously express accounts sleep close
39685|1270|O|136681.27|2018-11-26 06:04:22|3-MEDIUM|Clerk#000000703|0|olites cajole thinly agai
39716|970|O|51115.29|2018-11-26 06:04:22|3-MEDIUM|Clerk#000000708|0|er express packages haggle carefully afte
40069|794|O|149054.88|2018-11-26 06:04:22|2-HIGH|Clerk#000000451|0|lithely along the ironic platelets
41127|151|O|191925.1|2018-11-26 06:04:22|4-NOT SPECIFIED|Clerk#000000041|0|slyly. even asymptotes haggle blithely. blithely final t
41506|1355|O|198063.24|2018-11-26 06:04:22|1-URGENT|Clerk#000000402|0|posits about the ironic requests are carefully among the pending foxes.
41670|998|O|125935.83|2018-11-26 06:04:22|1-URGENT|Clerk#000000191|0|arefully final deposits.
42724|1123|O|24397.67|2018-11-26 06:04:22|1-URGENT|Clerk#000000473|0|uctions wake. ironic, pending ins
43040|650|O|78377.53|2018-11-26 06:04:22|2-HIGH|Clerk#000000375|0|ickly regular accounts. fluffily regular waters above
43046|1192|O|185283.48|2018-11-26 06:04:22|4-NOT SPECIFIED|Clerk#000000705|0|r frays. quickly pending pinto beans wake. blithely pend
43073|976|O|57959.4|2018-11-26 06:04:22|1-URGENT|Clerk#000000435|0|. furiously unusual courts haggle express dependenc
43108|172|O|113002.96|2018-11-26 06:04:22|5-LOW|Clerk#000000537|0|eas are quickly after the fluffily idle packages. final, regular pinto beans 
43618|1078|O|304121.61|2018-11-26 06:04:22|1-URGENT|Clerk#000000288|0|ilent asymptotes integrate instructions. requests among
43942|199|O|215165.63|2018-11-26 06:04:22|5-LOW|Clerk#000000692|0|es doubt across the furiously ironic pinto beans. furiously fi
45188|907|O|337386.66|2018-11-26 06:04:22|5-LOW|Clerk#000000464|0|. regular deposits nag furiously blithely r
45472|685|O|105195.29|2018-11-26 06:04:22|1-URGENT|Clerk#000000773|0|oost above the ruthless, express foxes. even tithes use final excuses. carefu
45603|805|O|142106.74|2018-11-26 06:04:22|2-HIGH|Clerk#000000056|0|ests. requests sleep fluffily regular foxes. carefully regul
45764|295|O|154617.44|2018-11-26 06:04:22|3-MEDIUM|Clerk#000000306|0|gainst the carefully regular ideas. bli
46629|101|O|237393.19|2018-11-26 06:04:22|3-MEDIUM|Clerk#000000835|0|cies: special, final deposits wake 
46820|88|O|251372.18|2018-11-26 06:04:22|2-HIGH|Clerk#000000172|0|yly ironic dolphins should have to sleep evenly blithely regular accounts. ex
46914|109|O|93387.47|2018-11-26 06:04:22|2-HIGH|Clerk#000000355|0|ray permanently along the express, final warhorses.
47013|239|O|49133.63|2018-11-26 06:04:22|3-MEDIUM|Clerk#000000156|0| carefully? slyly final accounts sleep quickly along the theodolit
47331|233|O|176554.96|2018-11-26 06:04:22|1-URGENT|Clerk#000000693|0|top the quickly even reque
48193|307|O|81685.03|2018-11-26 06:04:22|2-HIGH|Clerk#000000268|0|eans. carefully bold at
48677|1027|O|160903.32|2018-11-26 06:04:22|2-HIGH|Clerk#000000385|0|bold escapades cajole blith
48999|922|O|82242.17|2018-11-26 06:04:22|3-MEDIUM|Clerk#000000818|0|edly to the furiously 
49120|631|O|1547.81|2018-11-26 06:04:22|5-LOW|Clerk#000000389|0|t the pending, final deposits are across the final
49219|923|O|178489.07|2018-11-26 06:04:22|2-HIGH|Clerk#000000542|0|sleep blithely furiously final dependenc
49379|1028|O|187794.04|2018-11-26 06:04:22|1-URGENT|Clerk#000000374|0|ts wake after the quickly even ideas. fluffily ex
49826|536|O|160677.39|2018-11-26 06:04:22|3-MEDIUM|Clerk#000000226|0|thely ironic packages. bold requests according to the regular accounts wak
49958|1036|O|159160.84|2018-11-26 06:04:22|1-URGENT|Clerk#000000631|0| boost quickly blithely even requests. daring
50723|610|O|200851.99|2018-11-26 06:04:22|5-LOW|Clerk#000000291|0|old attainments. carefully regular
51014|55|O|184268.92|2018-11-26 06:04:22|1-URGENT|Clerk#000000086|0|ly final deposits wake silently ac
51329|1387|O|207769.17|2018-11-26 06:04:22|3-MEDIUM|Clerk#000000503|0|nts nag. quickly regular instructions nag about the fluffil
51908|526|O|204302.83|2018-11-26 06:04:22|2-HIGH|Clerk#000000611|0|ly final packages-- quickly regular epitaphs aft
52037|577|O|64064.12|2018-11-26 06:04:22|4-NOT SPECIFIED|Clerk#000000881|0|to beans mold blithely. fluffily regular 
52294|229|O|201205.46|2018-11-26 06:04:22|1-URGENT|Clerk#000000631|0|lar foxes. quickly final deposits slee
52707|1304|O|237813.43|2018-11-26 06:04:22|1-URGENT|Clerk#000000150|0|r dolphins. express platelets haggle furiously. slyl
52738|823|O|25813.46|2018-11-26 06:04:22|4-NOT SPECIFIED|Clerk#000000666|0|old ideas. carefully special requests are blithely. quickly final 
52996|1117|O|39744.9|2018-11-26 06:04:22|5-LOW|Clerk#000000272|0|final instructions are slyly unusual dependencies. slyly un
53383|433|O|118471.13|2018-11-26 06:04:22|4-NOT SPECIFIED|Clerk#000000882|0|refully final deposits haggle slyly rut
53478|311|O|63716.73|2018-11-26 06:04:22|2-HIGH|Clerk#000000972|0|tions nod. slyly regular accounts snooze accounts.
53664|152|O|13968.28|2018-11-26 06:04:22|5-LOW|Clerk#000000196|0|n accounts-- fluffily express accounts aft
54337|1373|O|139235.75|2018-11-26 06:04:22|1-URGENT|Clerk#000000143|0| permanent packages are nev
54566|340|O|165550.98|2018-11-26 06:04:22|1-URGENT|Clerk#000000426|0|uffily final platelets are quietly quickly
54752|874|O|142706.99|2018-11-26 06:04:22|5-LOW|Clerk#000000585|0|ar theodolites hagg
55457|1394|O|54318.55|2018-11-26 06:04:22|4-NOT SPECIFIED|Clerk#000000938|0|al foxes wake slyly pending deposits. blit
55681|763|O|10243.64|2018-11-26 06:04:22|4-NOT SPECIFIED|Clerk#000000138|0|yly? sly deposits wake slyly! blithely special deposits sleep silent
56357|134|O|18644.74|2018-11-26 06:04:22|1-URGENT|Clerk#000000754|0|nticingly among the ruthless excuses. silent foxes are furiously
56485|70|O|32629.72|2018-11-26 06:04:22|5-LOW|Clerk#000000438|0|ly. requests wake under the fluffily even accounts. fluffily regular 
56836|809|O|243614.13|2018-11-26 06:04:22|3-MEDIUM|Clerk#000000890|0|fully unusual excuses. furiously even ideas boost fu
56867|838|O|108094.85|2018-11-26 06:04:22|5-LOW|Clerk#000000064|0|e slyly above the furiously special deposits. slyly pending hockey players 
58023|988|O|207234.31|2018-11-26 06:04:22|4-NOT SPECIFIED|Clerk#000000364|0|t closely against the furiously ironic pearls. bold, slow deposits above 
58373|862|O|1041.49|2018-11-26 06:04:22|5-LOW|Clerk#000000281|0|final deposits among the express dependencies wake carefu
58565|1295|O|111084.57|2018-11-26 06:04:22|1-URGENT|Clerk#000000719|0|. slyly final foxes cajole slyly even ideas. carefully enticing theodol
58691|76|O|232689.24|2018-11-26 06:04:22|3-MEDIUM|Clerk#000000592|0|grate slyly along the sly
58886|52|O|165834.1|2018-11-26 06:04:22|2-HIGH|Clerk#000000187|0|unts. special instructions about 
59427|307|O|206581.34|2018-11-26 06:04:22|2-HIGH|Clerk#000000065|0|s wake blithely according to the busy packages. s
59782|992|O|128174.88|2018-11-26 06:04:22|1-URGENT|Clerk#000000434|0|lites are blithely. even courts shall sle
