AFRICA|AFRICA|92118197
AFRICA|AMERICA|87492965
AFRICA|ASIA|88215215
AFRICA|EUROPE|77487569
AFRICA|MIDDLE EAST|98118877
AMERICA|AFRICA|91306880
AMERICA|AMERICA|83115711
AMERICA|ASIA|84695803
AMERICA|EUROPE|80814964
AMERICA|MIDDLE EAST|91485036
ASIA|AFRICA|123780480
ASIA|AMERICA|114950613
ASIA|ASIA|111807102
ASIA|EUROPE|105103358
ASIA|MIDDLE EAST|133264781
EUROPE|AFRICA|90416946
EUROPE|AMERICA|83603094
EUROPE|ASIA|84074750
EUROPE|EUROPE|77892495
EUROPE|MIDDLE EAST|96361839
MIDDLE EAST|AFRICA|52687760
MIDDLE EAST|AMERICA|49379514
MIDDLE EAST|ASIA|48795708
MIDDLE EAST|EUROPE|49564702
MIDDLE EAST|MIDDLE EAST|55655387
